<?xml version="1.0" encoding="UTF-8"?>
<!-- Generated by org.testng.reporters.JUnitReportReporter -->
<testsuite hostname="DESKTOP-A602HLO" failures="0" tests="9" name="com.romanceabroad.ui.RegistrationTest" time="188.514" errors="0" timestamp="2021-01-19T18:32:25 EST" skipped="0">
  <testcase classname="com.romanceabroad.ui.RegistrationTest" name="signUpDataValidationRegistrationPage" time="24.088"/>
  <system-out/>
  <testcase classname="com.romanceabroad.ui.RegistrationTest" name="signUpDataValidationRegistrationPage" time="19.349"/>
  <system-out/>
  <testcase classname="com.romanceabroad.ui.RegistrationTest" name="signUpDataValidationRegistrationPage" time="20.258"/>
  <system-out/>
  <testcase classname="com.romanceabroad.ui.RegistrationTest" name="signUpDataValidationPopUpHome" time="16.557"/>
  <system-out/>
  <testcase classname="com.romanceabroad.ui.RegistrationTest" name="signUpDataValidationPopUpHome" time="25.928"/>
  <system-out/>
  <testcase classname="com.romanceabroad.ui.RegistrationTest" name="signUpDataValidationRegistrationPage" time="19.648"/>
  <system-out/>
  <testcase classname="com.romanceabroad.ui.RegistrationTest" name="signUpDataValidationPopUpHome" time="23.636"/>
  <system-out/>
  <testcase classname="com.romanceabroad.ui.RegistrationTest" name="signUpDataValidationRegistrationPage" time="19.537"/>
  <system-out/>
  <testcase classname="com.romanceabroad.ui.RegistrationTest" name="signUpDataValidationRegistrationPage" time="19.513"/>
  <system-out/>
</testsuite> <!-- com.romanceabroad.ui.RegistrationTest -->
