<?xml version="1.0" encoding="UTF-8"?>
<!-- Generated by org.testng.reporters.JUnitReportReporter -->
<testsuite hostname="DESKTOP-A602HLO" failures="0" tests="2" name="APItests.APITestCOVID" time="4.308" errors="0" timestamp="2021-01-20T16:17:49 EST" skipped="0">
  <testcase classname="APItests.APITestCOVID" name="testAPIGetCountryData" time="0.760"/>
  <system-out/>
  <testcase classname="APItests.APITestCOVID" name="testAPIGetData" time="3.548"/>
  <system-out/>
</testsuite> <!-- APItests.APITestCOVID -->
